Using pre-set license
Built from '2020.3/staging' branch; Version is '2020.3.24f1 (79c78de19888) revision 7980941'; Using compiler version '192528614'; Build Type 'Release'
OS: 'Windows 10  (10.0.19041) 64bit Professional' Language: 'ru' Physical Memory: 8029 MB
BatchMode: 1, IsHumanControllingUs: 0, StartBugReporterOnCrash: 0, Is64bit: 1, IsPro: 0

COMMAND LINE ARGUMENTS:
C:\Program Files\Unity\Hub\Editor\2020.3.24f1\Editor\Unity.exe
-adb2
-batchMode
-noUpm
-name
AssetImportWorker0
-projectPath
C:/UnityProjects/DDS/Survival
-logFile
Logs/AssetImportWorker0.log
-srvPort
62310
Successfully changed project path to: C:/UnityProjects/DDS/Survival
C:/UnityProjects/DDS/Survival
Using Asset Import Pipeline V2.
Refreshing native plugins compatible for Editor in 63.83 ms, found 2 plugins.
Preloading 0 native plugins for Editor in 0.00 ms.
Initialize engine version: 2020.3.24f1 (79c78de19888)
[Subsystems] Discovering subsystems at path C:/Program Files/Unity/Hub/Editor/2020.3.24f1/Editor/Data/Resources/UnitySubsystems
[Subsystems] Discovering subsystems at path C:/UnityProjects/DDS/Survival/Assets
GfxDevice: creating device client; threaded=0
Direct3D:
    Version:  Direct3D 11.0 [level 11.1]
    Renderer: NVIDIA GeForce GTX 1650 (ID=0x1f99)
    Vendor:   
    VRAM:     3962 MB
    Driver:   27.21.14.5167
Initialize mono
Mono path[0] = 'C:/Program Files/Unity/Hub/Editor/2020.3.24f1/Editor/Data/Managed'
Mono path[1] = 'C:/Program Files/Unity/Hub/Editor/2020.3.24f1/Editor/Data/MonoBleedingEdge/lib/mono/unityjit'
Mono config path = 'C:/Program Files/Unity/Hub/Editor/2020.3.24f1/Editor/Data/MonoBleedingEdge/etc'
Using monoOptions --debugger-agent=transport=dt_socket,embedding=1,server=y,suspend=n,address=127.0.0.1:56052
Begin MonoManager ReloadAssembly
Registering precompiled unity dll's ...
Register platform support module: C:/Program Files/Unity/Hub/Editor/2020.3.24f1/Editor/Data/PlaybackEngines/WindowsStandaloneSupport/UnityEditor.WindowsStandalone.Extensions.dll
Registered in 0.001869 seconds.
Native extension for WindowsStandalone target not found
Refreshing native plugins compatible for Editor in 53.67 ms, found 2 plugins.
Preloading 0 native plugins for Editor in 0.00 ms.
Mono: successfully reloaded assembly
- Completed reload, in  0.601 seconds
Domain Reload Profiling:
	ReloadAssembly (601ms)
		BeginReloadAssembly (49ms)
			ExecutionOrderSort (0ms)
			DisableScriptedObjects (0ms)
			BackupInstance (0ms)
			ReleaseScriptingObjects (0ms)
			CreateAndSetChildDomain (1ms)
		EndReloadAssembly (482ms)
			LoadAssemblies (48ms)
			RebuildTransferFunctionScriptingTraits (0ms)
			SetupTypeCache (170ms)
			ReleaseScriptCaches (0ms)
			RebuildScriptCaches (30ms)
			SetupLoadedEditorAssemblies (183ms)
				LogAssemblyErrors (0ms)
				InitializePlatformSupportModulesInManaged (4ms)
				SetLoadedEditorAssemblies (0ms)
				RefreshPlugins (54ms)
				BeforeProcessingInitializeOnLoad (16ms)
				ProcessInitializeOnLoadAttributes (77ms)
				ProcessInitializeOnLoadMethodAttributes (32ms)
				AfterProcessingInitializeOnLoad (0ms)
				EditorAssembliesLoaded (0ms)
			ExecutionOrderSort2 (0ms)
			AwakeInstancesAfterBackupRestoration (0ms)
Platform modules already initialized, skipping
Registering precompiled user dll's ...
Registered in 0.015763 seconds.
Begin MonoManager ReloadAssembly
Native extension for WindowsStandalone target not found
Refreshing native plugins compatible for Editor in 0.55 ms, found 2 plugins.
Preloading 0 native plugins for Editor in 0.00 ms.
Mono: successfully reloaded assembly
- Completed reload, in  2.245 seconds
Domain Reload Profiling:
	ReloadAssembly (2246ms)
		BeginReloadAssembly (139ms)
			ExecutionOrderSort (0ms)
			DisableScriptedObjects (4ms)
			BackupInstance (0ms)
			ReleaseScriptingObjects (0ms)
			CreateAndSetChildDomain (17ms)
		EndReloadAssembly (2047ms)
			LoadAssemblies (121ms)
			RebuildTransferFunctionScriptingTraits (0ms)
			SetupTypeCache (413ms)
			ReleaseScriptCaches (1ms)
			RebuildScriptCaches (52ms)
			SetupLoadedEditorAssemblies (1361ms)
				LogAssemblyErrors (0ms)
				InitializePlatformSupportModulesInManaged (4ms)
				SetLoadedEditorAssemblies (0ms)
				RefreshPlugins (1ms)
				BeforeProcessingInitializeOnLoad (79ms)
				ProcessInitializeOnLoadAttributes (1202ms)
				ProcessInitializeOnLoadMethodAttributes (69ms)
				AfterProcessingInitializeOnLoad (6ms)
				EditorAssembliesLoaded (0ms)
			ExecutionOrderSort2 (0ms)
			AwakeInstancesAfterBackupRestoration (7ms)
Platform modules already initialized, skipping
========================================================================
Worker process is ready to serve import requests
Launched and connected shader compiler UnityShaderCompiler.exe after 0.04 seconds
Refreshing native plugins compatible for Editor in 1.24 ms, found 2 plugins.
Preloading 0 native plugins for Editor in 0.00 ms.
Unloading 2217 Unused Serialized files (Serialized files now loaded: 0)
System memory in use before: 98.7 MB.
System memory in use after: 98.8 MB.

Unloading 34 unused Assets to reduce memory usage. Loaded Objects now: 2691.
Total: 31.130900 ms (FindLiveObjects: 0.207800 ms CreateObjectMapping: 0.079900 ms MarkObjects: 30.750600 ms  DeleteObjects: 0.090900 ms)

AssetImportParameters requested are different than current active one (requested -> active):
  custom:framework-win-MediaFoundation: 216162199b28c13a410421893ffa2e32 -> 
  custom:video-decoder-ogg-theora: a1e56fd34408186e4bbccfd4996cb3dc -> 
  custom:container-muxer-webm: aa71ff27fc2769a1b78a27578f13a17b -> 
  custom:container-demuxer-webm: 4f35f7cbe854078d1ac9338744f61a02 -> 
  custom:container-demuxer-ogg: 62fdf1f143b41e24485cea50d1cbac27 -> 
  custom:video-encoder-webm-vp8: eb34c28f22e8b96e1ab97ce403110664 -> 
  custom:video-decoder-webm-vp8: 9c59270c3fd7afecdb556c50c9e8de78 -> 
  custom:audio-decoder-ogg-vorbis: bf7c407c2cedff20999df2af8eb42d56 -> 
  custom:audio-encoder-webm-vorbis: bf7c407c2cedff20999df2af8eb42d56 -> 
========================================================================
Received Import Request.
  path: Assets
  artifactKey: Guid(00000000000000001000000000000000) Importer(815301076,1909f56bfc062723c751e8b465ee728b)
Start importing Assets using Guid(00000000000000001000000000000000) Importer(815301076,1909f56bfc062723c751e8b465ee728b)  -> (artifact id: '42d402b061de3733987d63b9cc3b64de') in 0.005936 seconds 
  Import took 0.008955 seconds .

========================================================================
Received Import Request.
  Time since last request: 0.274915 seconds.
  path: Assets/Other
  artifactKey: Guid(3f2a057aa59e688478d0c056146a3994) Importer(815301076,1909f56bfc062723c751e8b465ee728b)
Start importing Assets/Other using Guid(3f2a057aa59e688478d0c056146a3994) Importer(815301076,1909f56bfc062723c751e8b465ee728b)  -> (artifact id: 'd628f6d80ed50e082c058b1586474d60') in 0.001734 seconds 
  Import took 0.005486 seconds .

========================================================================
Received Prepare
Registering precompiled user dll's ...
Registered in 0.009918 seconds.
Begin MonoManager ReloadAssembly
Native extension for WindowsStandalone target not found
Refreshing native plugins compatible for Editor in 0.52 ms, found 2 plugins.
Preloading 0 native plugins for Editor in 0.00 ms.
[ScriptCompilation] NOT recompiling all scripts because this is an import worker process. Reason to compile was: Define symbols changed
Mono: successfully reloaded assembly
- Completed reload, in  2.118 seconds
Domain Reload Profiling:
	ReloadAssembly (2119ms)
		BeginReloadAssembly (118ms)
			ExecutionOrderSort (0ms)
			DisableScriptedObjects (5ms)
			BackupInstance (0ms)
			ReleaseScriptingObjects (0ms)
			CreateAndSetChildDomain (46ms)
		EndReloadAssembly (1939ms)
			LoadAssemblies (99ms)
			RebuildTransferFunctionScriptingTraits (0ms)
			SetupTypeCache (382ms)
			ReleaseScriptCaches (1ms)
			RebuildScriptCaches (39ms)
			SetupLoadedEditorAssemblies (1296ms)
				LogAssemblyErrors (0ms)
				InitializePlatformSupportModulesInManaged (4ms)
				SetLoadedEditorAssemblies (0ms)
				RefreshPlugins (1ms)
				BeforeProcessingInitializeOnLoad (72ms)
				ProcessInitializeOnLoadAttributes (1158ms)
				ProcessInitializeOnLoadMethodAttributes (56ms)
				AfterProcessingInitializeOnLoad (5ms)
				EditorAssembliesLoaded (0ms)
			ExecutionOrderSort2 (0ms)
			AwakeInstancesAfterBackupRestoration (6ms)
Platform modules already initialized, skipping
Switching build target platform(19) subTarget(0) extendedPlatform(0) -> platform(13) subTarget(537395200) extendedPlatform(0)
Refreshing native plugins compatible for Editor in 0.64 ms, found 2 plugins.
Preloading 0 native plugins for Editor in 0.00 ms.
Unloading 2210 Unused Serialized files (Serialized files now loaded: 0)
System memory in use before: 103.1 MB.
System memory in use after: 103.2 MB.

Unloading 29 unused Assets to reduce memory usage. Loaded Objects now: 2693.
Total: 28.148400 ms (FindLiveObjects: 0.205400 ms CreateObjectMapping: 0.077300 ms MarkObjects: 27.833900 ms  DeleteObjects: 0.030300 ms)

AssetImportParameters requested are different than current active one (requested -> active):
  custom:framework-win-MediaFoundation: 216162199b28c13a410421893ffa2e32 -> 
  custom:video-decoder-ogg-theora: a1e56fd34408186e4bbccfd4996cb3dc -> 
  custom:container-muxer-webm: aa71ff27fc2769a1b78a27578f13a17b -> 
  custom:container-demuxer-webm: 4f35f7cbe854078d1ac9338744f61a02 -> 
  custom:container-demuxer-ogg: 62fdf1f143b41e24485cea50d1cbac27 -> 
  custom:video-encoder-webm-vp8: eb34c28f22e8b96e1ab97ce403110664 -> 
  custom:video-decoder-webm-vp8: 9c59270c3fd7afecdb556c50c9e8de78 -> 
  custom:graphics/normal-map-encoding: 01000000000000000000000000000000 -> 02000000000000000000000000000000
  custom:audio-decoder-ogg-vorbis: bf7c407c2cedff20999df2af8eb42d56 -> 
  custom:audio-encoder-webm-vorbis: bf7c407c2cedff20999df2af8eb42d56 -> 
========================================================================
Received Import Request.
  Time since last request: 13.638643 seconds.
  path: Assets/Other/Character Movement Fundamentals/Example Scenes/Showcase/EmptyShowcaseScene.unity
  artifactKey: Guid(5412a9fc8618c80448079b8044d119af) Importer(815301076,1909f56bfc062723c751e8b465ee728b)
Start importing Assets/Other/Character Movement Fundamentals/Example Scenes/Showcase/EmptyShowcaseScene.unity using Guid(5412a9fc8618c80448079b8044d119af) Importer(815301076,1909f56bfc062723c751e8b465ee728b)  -> (artifact id: '349a56f08a46d3e799cfeb1eca4c52de') in 0.018631 seconds 
  Import took 0.023523 seconds .

========================================================================
Received Import Request.
  Time since last request: 6.455700 seconds.
  path: Assets/Other/Character Movement Fundamentals/Prefabs/Controller/Blank
  artifactKey: Guid(5bb5a4d77c6b9bb4f8597b7a1bb7c00b) Importer(815301076,1909f56bfc062723c751e8b465ee728b)
Start importing Assets/Other/Character Movement Fundamentals/Prefabs/Controller/Blank using Guid(5bb5a4d77c6b9bb4f8597b7a1bb7c00b) Importer(815301076,1909f56bfc062723c751e8b465ee728b)  -> (artifact id: 'e52690761012b8cb4b88938d203ad133') in 0.002376 seconds 
  Import took 0.007659 seconds .

========================================================================
Received Import Request.
  Time since last request: 3.871902 seconds.
  path: Assets/Other/Character Movement Fundamentals/Prefabs/Controller/Simplified/SimpleFirstPersonWalker.prefab
  artifactKey: Guid(456c1cbc22897d1479a87984f33850bc) Importer(815301076,1909f56bfc062723c751e8b465ee728b)
Start importing Assets/Other/Character Movement Fundamentals/Prefabs/Controller/Simplified/SimpleFirstPersonWalker.prefab using Guid(456c1cbc22897d1479a87984f33850bc) Importer(815301076,1909f56bfc062723c751e8b465ee728b)  -> (artifact id: '08332e729e05a52c0919d0782d7cb960') in 0.031193 seconds 
  Import took 0.035137 seconds .

========================================================================
Received Import Request.
  Time since last request: 1.792051 seconds.
  path: Assets/Other/Character Movement Fundamentals/Prefabs/Controller/Simplified/SimpleThirdPersonWalker.prefab
  artifactKey: Guid(fda96051142388e4cbaf774de278a4fc) Importer(815301076,1909f56bfc062723c751e8b465ee728b)
Start importing Assets/Other/Character Movement Fundamentals/Prefabs/Controller/Simplified/SimpleThirdPersonWalker.prefab using Guid(fda96051142388e4cbaf774de278a4fc) Importer(815301076,1909f56bfc062723c751e8b465ee728b)  -> (artifact id: 'd4ad65b098b7b6d8d6a6fd0ef7b6e37d') in 0.234668 seconds 
  Import took 0.238060 seconds .

========================================================================
Received Import Request.
  Time since last request: 3.758088 seconds.
  path: Assets/Other/Character Movement Fundamentals/Prefabs/Controller/Blank/ClickToMoveWalker.prefab
  artifactKey: Guid(672fa25cbe4559248a5115f552994375) Importer(815301076,1909f56bfc062723c751e8b465ee728b)
Start importing Assets/Other/Character Movement Fundamentals/Prefabs/Controller/Blank/ClickToMoveWalker.prefab using Guid(672fa25cbe4559248a5115f552994375) Importer(815301076,1909f56bfc062723c751e8b465ee728b)  -> (artifact id: 'c602a07ec7f99d5cdb7a68d0a87e5d3f') in 0.012686 seconds 
  Import took 0.016287 seconds .

========================================================================
Received Import Request.
  Time since last request: 0.258544 seconds.
  path: Assets/Other/Character Movement Fundamentals/Prefabs/Controller/Blank/FirstPersonWalker.prefab
  artifactKey: Guid(1ea5714554406484c8037e495f767252) Importer(815301076,1909f56bfc062723c751e8b465ee728b)
Start importing Assets/Other/Character Movement Fundamentals/Prefabs/Controller/Blank/FirstPersonWalker.prefab using Guid(1ea5714554406484c8037e495f767252) Importer(815301076,1909f56bfc062723c751e8b465ee728b)  -> (artifact id: '1e53c4486b51303e67acb38538618ace') in 0.005060 seconds 
  Import took 0.009340 seconds .

========================================================================
Received Import Request.
  Time since last request: 101.441523 seconds.
  path: Assets/Other/Character Movement Fundamentals/Prefabs/Controller/Blank/SideScroller.prefab
  artifactKey: Guid(598b6bc40260ea04b9652cd28338a36e) Importer(815301076,1909f56bfc062723c751e8b465ee728b)
Start importing Assets/Other/Character Movement Fundamentals/Prefabs/Controller/Blank/SideScroller.prefab using Guid(598b6bc40260ea04b9652cd28338a36e) Importer(815301076,1909f56bfc062723c751e8b465ee728b)  -> (artifact id: '350c2026a53af673bd635d048fe7ee82') in 0.012620 seconds 
  Import took 0.017084 seconds .

========================================================================
Received Import Request.
  Time since last request: 3.130605 seconds.
  path: Assets/Other/Character Movement Fundamentals/Prefabs/Controller/Blank/ThirdPersonWalker_A.prefab
  artifactKey: Guid(a00ef768dbc458c49b48d4172fcdc73f) Importer(815301076,1909f56bfc062723c751e8b465ee728b)
Start importing Assets/Other/Character Movement Fundamentals/Prefabs/Controller/Blank/ThirdPersonWalker_A.prefab using Guid(a00ef768dbc458c49b48d4172fcdc73f) Importer(815301076,1909f56bfc062723c751e8b465ee728b)  -> (artifact id: 'f661c49f51b2991675830c90ee8a6440') in 0.011847 seconds 
  Import took 0.015658 seconds .

========================================================================
Received Import Request.
  Time since last request: 5.042144 seconds.
  path: Assets/Other/Character Movement Fundamentals/Prefabs/Controller/Animated/FirstPersonWalker_Audio.prefab
  artifactKey: Guid(5d075d3ed32dfe1498e31454964d07e8) Importer(815301076,1909f56bfc062723c751e8b465ee728b)
Start importing Assets/Other/Character Movement Fundamentals/Prefabs/Controller/Animated/FirstPersonWalker_Audio.prefab using Guid(5d075d3ed32dfe1498e31454964d07e8) Importer(815301076,1909f56bfc062723c751e8b465ee728b)  -> (artifact id: 'f8e7bb879d733f6cbf6ef8c81ce8be84') in 0.005288 seconds 
  Import took 0.008649 seconds .

========================================================================
Received Prepare
Registering precompiled user dll's ...
Registered in 0.010303 seconds.
Begin MonoManager ReloadAssembly
Native extension for WindowsStandalone target not found
Refreshing native plugins compatible for Editor in 0.61 ms, found 2 plugins.
Preloading 0 native plugins for Editor in 0.00 ms.
Mono: successfully reloaded assembly
- Completed reload, in  2.305 seconds
Domain Reload Profiling:
	ReloadAssembly (2306ms)
		BeginReloadAssembly (122ms)
			ExecutionOrderSort (0ms)
			DisableScriptedObjects (4ms)
			BackupInstance (0ms)
			ReleaseScriptingObjects (0ms)
			CreateAndSetChildDomain (52ms)
		EndReloadAssembly (2116ms)
			LoadAssemblies (97ms)
			RebuildTransferFunctionScriptingTraits (0ms)
			SetupTypeCache (378ms)
			ReleaseScriptCaches (1ms)
			RebuildScriptCaches (43ms)
			SetupLoadedEditorAssemblies (1480ms)
				LogAssemblyErrors (0ms)
				InitializePlatformSupportModulesInManaged (4ms)
				SetLoadedEditorAssemblies (1ms)
				RefreshPlugins (1ms)
				BeforeProcessingInitializeOnLoad (77ms)
				ProcessInitializeOnLoadAttributes (1315ms)
				ProcessInitializeOnLoadMethodAttributes (76ms)
				AfterProcessingInitializeOnLoad (6ms)
				EditorAssembliesLoaded (0ms)
			ExecutionOrderSort2 (0ms)
			AwakeInstancesAfterBackupRestoration (6ms)
Platform modules already initialized, skipping
Switching build target platform(19) subTarget(0) extendedPlatform(0) -> platform(13) subTarget(537395200) extendedPlatform(0)
Refreshing native plugins compatible for Editor in 0.55 ms, found 2 plugins.
Preloading 0 native plugins for Editor in 0.00 ms.
Unloading 2210 Unused Serialized files (Serialized files now loaded: 0)
System memory in use before: 116.1 MB.
System memory in use after: 116.2 MB.

Unloading 29 unused Assets to reduce memory usage. Loaded Objects now: 2703.
Total: 27.842300 ms (FindLiveObjects: 0.240000 ms CreateObjectMapping: 0.083400 ms MarkObjects: 27.480300 ms  DeleteObjects: 0.036800 ms)

AssetImportParameters requested are different than current active one (requested -> active):
  custom:framework-win-MediaFoundation: 216162199b28c13a410421893ffa2e32 -> 
  custom:video-decoder-ogg-theora: a1e56fd34408186e4bbccfd4996cb3dc -> 
  custom:container-muxer-webm: aa71ff27fc2769a1b78a27578f13a17b -> 
  custom:container-demuxer-webm: 4f35f7cbe854078d1ac9338744f61a02 -> 
  custom:container-demuxer-ogg: 62fdf1f143b41e24485cea50d1cbac27 -> 
  custom:video-encoder-webm-vp8: eb34c28f22e8b96e1ab97ce403110664 -> 
  custom:video-decoder-webm-vp8: 9c59270c3fd7afecdb556c50c9e8de78 -> 
  custom:graphics/normal-map-encoding: 01000000000000000000000000000000 -> 02000000000000000000000000000000
  custom:audio-decoder-ogg-vorbis: bf7c407c2cedff20999df2af8eb42d56 -> 
  custom:audio-encoder-webm-vorbis: bf7c407c2cedff20999df2af8eb42d56 -> 
========================================================================
Received Import Request.
  Time since last request: 38.508233 seconds.
  path: Assets/Game
  artifactKey: Guid(619a29e1cdee7054397c50e5d1a6bcd8) Importer(815301076,1909f56bfc062723c751e8b465ee728b)
Start importing Assets/Game using Guid(619a29e1cdee7054397c50e5d1a6bcd8) Importer(815301076,1909f56bfc062723c751e8b465ee728b)  -> (artifact id: '2a4b8d7a26f56d3bffc3b7364e61b5e2') in 0.006005 seconds 
  Import took 0.010236 seconds .

========================================================================
Received Import Request.
  Time since last request: 3.665948 seconds.
  path: Assets/Game/Resources
  artifactKey: Guid(7bd3dc87c1f71ec4fa0d2f0051b7e39f) Importer(815301076,1909f56bfc062723c751e8b465ee728b)
Start importing Assets/Game/Resources using Guid(7bd3dc87c1f71ec4fa0d2f0051b7e39f) Importer(815301076,1909f56bfc062723c751e8b465ee728b)  -> (artifact id: '8c789d77a06b538fce94a2acb709a1d1') in 0.003291 seconds 
  Import took 0.007498 seconds .

========================================================================
Received Import Request.
  Time since last request: 7.397873 seconds.
  path: Assets/Game/Resources/Prefab
  artifactKey: Guid(13e807b33304b344ea8498c247e385bc) Importer(815301076,1909f56bfc062723c751e8b465ee728b)
Start importing Assets/Game/Resources/Prefab using Guid(13e807b33304b344ea8498c247e385bc) Importer(815301076,1909f56bfc062723c751e8b465ee728b)  -> (artifact id: 'd131b247dadfabc56a9f2d4dfb9947ea') in 0.002901 seconds 
  Import took 0.006430 seconds .

========================================================================
Received Import Request.
  Time since last request: 2.906326 seconds.
  path: Assets/Game/Resources/Prefabs
  artifactKey: Guid(13e807b33304b344ea8498c247e385bc) Importer(815301076,1909f56bfc062723c751e8b465ee728b)
Start importing Assets/Game/Resources/Prefabs using Guid(13e807b33304b344ea8498c247e385bc) Importer(815301076,1909f56bfc062723c751e8b465ee728b)  -> (artifact id: 'b7b6fcb0ebb9d1847f08f58ac8cfc0f4') in 0.001460 seconds 
  Import took 0.004953 seconds .

========================================================================
Received Import Request.
  Time since last request: 5.765953 seconds.
  path: Assets/Game/Scripts
  artifactKey: Guid(c9c236f28a33a894789c86ca6a26d55a) Importer(815301076,1909f56bfc062723c751e8b465ee728b)
Start importing Assets/Game/Scripts using Guid(c9c236f28a33a894789c86ca6a26d55a) Importer(815301076,1909f56bfc062723c751e8b465ee728b)  -> (artifact id: '4cbbd6ffd455b165e7d246918d896d11') in 0.001983 seconds 
  Import took 0.005378 seconds .

========================================================================
Received Import Request.
  Time since last request: 11.122999 seconds.
  path: Assets/Game/Scenes
  artifactKey: Guid(f8f3290164d68634d8b124669ac16226) Importer(815301076,1909f56bfc062723c751e8b465ee728b)
Start importing Assets/Game/Scenes using Guid(f8f3290164d68634d8b124669ac16226) Importer(815301076,1909f56bfc062723c751e8b465ee728b)  -> (artifact id: '304d2328e2a7c82d384d9fff04ad21da') in 0.001770 seconds 
  Import took 0.005287 seconds .

========================================================================
Received Import Request.
  Time since last request: 7.581736 seconds.
  path: Assets/Other/Character Movement Fundamentals
  artifactKey: Guid(1db4046461cd9304ba66f93676ae3b85) Importer(815301076,1909f56bfc062723c751e8b465ee728b)
Start importing Assets/Other/Character Movement Fundamentals using Guid(1db4046461cd9304ba66f93676ae3b85) Importer(815301076,1909f56bfc062723c751e8b465ee728b)  -> (artifact id: '5348da5ca61cc7eb28d8535480cdafb3') in 0.002200 seconds 
  Import took 0.006520 seconds .

========================================================================
Received Import Request.
  Time since last request: 12.390135 seconds.
  path: Assets/Game/Scenes/EmptyShowcaseScene.unity
  artifactKey: Guid(5412a9fc8618c80448079b8044d119af) Importer(815301076,1909f56bfc062723c751e8b465ee728b)
Start importing Assets/Game/Scenes/EmptyShowcaseScene.unity using Guid(5412a9fc8618c80448079b8044d119af) Importer(815301076,1909f56bfc062723c751e8b465ee728b)  -> (artifact id: '38163cc8c979208833dfdcc812c4a952') in 0.011129 seconds 
  Import took 0.014912 seconds .

========================================================================
Received Import Request.
  Time since last request: 2.518791 seconds.
  path: Assets/Game/Scenes/EmptyShowcaseScene
  artifactKey: Guid(a63975dca17a215479c94b99a4faf2e4) Importer(815301076,1909f56bfc062723c751e8b465ee728b)
Start importing Assets/Game/Scenes/EmptyShowcaseScene using Guid(a63975dca17a215479c94b99a4faf2e4) Importer(815301076,1909f56bfc062723c751e8b465ee728b)  -> (artifact id: 'a7f5e659791e840dbdb0695f1bf978eb') in 0.002087 seconds 
  Import took 0.005369 seconds .

========================================================================
Received Import Request.
  Time since last request: 3.810026 seconds.
  path: Assets/Game/Scenes/EmptyShowcaseSceneSettings.lighting
  artifactKey: Guid(077ee03e94863ac49b2f86b3986ecb27) Importer(815301076,1909f56bfc062723c751e8b465ee728b)
Start importing Assets/Game/Scenes/EmptyShowcaseSceneSettings.lighting using Guid(077ee03e94863ac49b2f86b3986ecb27) Importer(815301076,1909f56bfc062723c751e8b465ee728b) LightingSettings: switching bake backend from 1 to 0.
 -> (artifact id: '2835d6c3dcfc730924bfec85a2719638') in 0.004631 seconds 
  Import took 0.008095 seconds .

========================================================================
Received Prepare
Registering precompiled user dll's ...
Registered in 0.010667 seconds.
Begin MonoManager ReloadAssembly
Native extension for WindowsStandalone target not found
Refreshing native plugins compatible for Editor in 0.58 ms, found 2 plugins.
Preloading 0 native plugins for Editor in 0.00 ms.
Mono: successfully reloaded assembly
- Completed reload, in  2.598 seconds
Domain Reload Profiling:
	ReloadAssembly (2599ms)
		BeginReloadAssembly (118ms)
			ExecutionOrderSort (0ms)
			DisableScriptedObjects (5ms)
			BackupInstance (0ms)
			ReleaseScriptingObjects (0ms)
			CreateAndSetChildDomain (46ms)
		EndReloadAssembly (2416ms)
			LoadAssemblies (99ms)
			RebuildTransferFunctionScriptingTraits (0ms)
			SetupTypeCache (420ms)
			ReleaseScriptCaches (1ms)
			RebuildScriptCaches (40ms)
			SetupLoadedEditorAssemblies (1719ms)
				LogAssemblyErrors (0ms)
				InitializePlatformSupportModulesInManaged (4ms)
				SetLoadedEditorAssemblies (1ms)
				RefreshPlugins (1ms)
				BeforeProcessingInitializeOnLoad (82ms)
				ProcessInitializeOnLoadAttributes (1540ms)
				ProcessInitializeOnLoadMethodAttributes (84ms)
				AfterProcessingInitializeOnLoad (7ms)
				EditorAssembliesLoaded (0ms)
			ExecutionOrderSort2 (0ms)
			AwakeInstancesAfterBackupRestoration (7ms)
Platform modules already initialized, skipping
Switching build target platform(19) subTarget(0) extendedPlatform(0) -> platform(13) subTarget(537395200) extendedPlatform(0)
Refreshing native plugins compatible for Editor in 0.57 ms, found 2 plugins.
Preloading 0 native plugins for Editor in 0.00 ms.
Unloading 2210 Unused Serialized files (Serialized files now loaded: 0)
System memory in use before: 116.1 MB.
System memory in use after: 116.4 MB.

Unloading 29 unused Assets to reduce memory usage. Loaded Objects now: 2705.
Total: 28.171900 ms (FindLiveObjects: 0.211700 ms CreateObjectMapping: 0.093000 ms MarkObjects: 27.837800 ms  DeleteObjects: 0.028000 ms)

AssetImportParameters requested are different than current active one (requested -> active):
  custom:framework-win-MediaFoundation: 216162199b28c13a410421893ffa2e32 -> 
  custom:video-decoder-ogg-theora: a1e56fd34408186e4bbccfd4996cb3dc -> 
  custom:container-muxer-webm: aa71ff27fc2769a1b78a27578f13a17b -> 
  custom:container-demuxer-webm: 4f35f7cbe854078d1ac9338744f61a02 -> 
  custom:container-demuxer-ogg: 62fdf1f143b41e24485cea50d1cbac27 -> 
  custom:video-encoder-webm-vp8: eb34c28f22e8b96e1ab97ce403110664 -> 
  custom:video-decoder-webm-vp8: 9c59270c3fd7afecdb556c50c9e8de78 -> 
  custom:graphics/normal-map-encoding: 01000000000000000000000000000000 -> 02000000000000000000000000000000
  custom:audio-decoder-ogg-vorbis: bf7c407c2cedff20999df2af8eb42d56 -> 
  custom:audio-encoder-webm-vorbis: bf7c407c2cedff20999df2af8eb42d56 -> 
